Network Configuration:
batch_size: 32
hidden_layer_structure: [102]
learning_rate: 0.004155923499457689
keep_prob: 0.8656542586183774
rnn_cell: <class 'tensorflow.python.ops.rnn_cell_impl.LSTMCell'>
max_grad_norm: 5.0
lambda_w1: 0.03
lambda_w2: 3.0
lambda_o: 0.1
Num of problems: 1865
Num of run: 1
Max num of run: 30
Keep Prob: 0.8656542586183774
Epoch    1, Train ACC: 0.68386, Train AUC: 0.70345, Train Loss: 0.66184
Epoch    1, Valid ACC: 0.7481, Valid AUC: 0.77376, Valid AUC Curr: 0.89617, Valid Loss: 0.61191*
Epoch    1, Test ACC: 0.74679, Test AUC: 0.77427, Test AUC Curr: 0.8959, Test Loss: 0.61281
w_l1: 0.009257087985678626, w_l2: 0.019753970948128557
m1: 0.294336192875594, m2: 0.023671861873282594. Saving the model
time used for this epoch: 579.3290822505951s
***********
Epoch    2, Train ACC: 0.75192, Train AUC: 0.79091, Train Loss: 0.56808
Epoch    2, Valid ACC: 0.79565, Valid AUC: 0.81727, Valid AUC Curr: 0.936, Valid Loss: 0.50763*
Epoch    2, Test ACC: 0.79482, Test AUC: 0.81913, Test AUC Curr: 0.93658, Test Loss: 0.50791
w_l1: 0.013989380501229921, w_l2: 0.029491487398558877
m1: 0.37743300273197905, m2: 0.045426830071758115. Saving the model
time used for this epoch: 590.4770112037659s
***********
Epoch    3, Train ACC: 0.75952, Train AUC: 0.80524, Train Loss: 0.5509
Epoch    3, Valid ACC: 0.79841, Valid AUC: 0.82426, Valid AUC Curr: 0.93908, Valid Loss: 0.49955*
Epoch    3, Test ACC: 0.79746, Test AUC: 0.82578, Test AUC Curr: 0.93945, Test Loss: 0.50007
w_l1: 0.014520215704895556, w_l2: 0.030419319470429963
m1: 0.3617480413730055, m2: 0.046664041241335705. Saving the model
time used for this epoch: 590.3755128383636s
***********
Epoch    4, Train ACC: 0.76355, Train AUC: 0.81323, Train Loss: 0.54211
Epoch    4, Valid ACC: 0.80021, Valid AUC: 0.82832, Valid AUC Curr: 0.9372, Valid Loss: 0.49525*
Epoch    4, Test ACC: 0.79866, Test AUC: 0.82967, Test AUC Curr: 0.93771, Test Loss: 0.49588
w_l1: 0.015086164968922514, w_l2: 0.031579267413815656
m1: 0.3479924737698122, m2: 0.04572401128229275. Saving the model
time used for this epoch: 592.4422843456268s
***********
Epoch    5, Train ACC: 0.76656, Train AUC: 0.81866, Train Loss: 0.53685
Epoch    5, Valid ACC: 0.80079, Valid AUC: 0.82825, Valid AUC Curr: 0.93294, Valid Loss: 0.49515*
Epoch    5, Test ACC: 0.7997, Test AUC: 0.82979, Test AUC Curr: 0.93336, Test Loss: 0.49539
w_l1: 0.015061085647532033, w_l2: 0.031621248836276726
m1: 0.35209309989263426, m2: 0.046096363381224394. Saving the model
time used for this epoch: 590.7823233604431s
***********
Epoch    6, Train ACC: 0.76954, Train AUC: 0.82344, Train Loss: 0.53096
Epoch    6, Valid ACC: 0.80104, Valid AUC: 0.83167, Valid AUC Curr: 0.93595, Valid Loss: 0.49205*
Epoch    6, Test ACC: 0.80015, Test AUC: 0.83289, Test AUC Curr: 0.93656, Test Loss: 0.49269
w_l1: 0.016472488399478086, w_l2: 0.03386279976766626
m1: 0.3324616513059285, m2: 0.045788659780048244. Saving the model
time used for this epoch: 588.3479804992676s
***********
Epoch    7, Train ACC: 0.77217, Train AUC: 0.82796, Train Loss: 0.52597
Epoch    7, Valid ACC: 0.80193, Valid AUC: 0.83326, Valid AUC Curr: 0.93553, Valid Loss: 0.49093*
Epoch    7, Test ACC: 0.80049, Test AUC: 0.83466, Test AUC Curr: 0.93592, Test Loss: 0.49124
w_l1: 0.017404450293837487, w_l2: 0.03560639455270133
m1: 0.31654813917147684, m2: 0.04600584718425312. Saving the model
time used for this epoch: 591.5858533382416s
***********
Epoch    8, Train ACC: 0.77452, Train AUC: 0.8319, Train Loss: 0.52209
Epoch    8, Valid ACC: 0.80121, Valid AUC: 0.8337, Valid AUC Curr: 0.93724, Valid Loss: 0.49125
time used for this epoch: 365.2424376010895s
***********
Epoch    9, Train ACC: 0.77718, Train AUC: 0.836, Train Loss: 0.51748
Epoch    9, Valid ACC: 0.80108, Valid AUC: 0.83439, Valid AUC Curr: 0.93311, Valid Loss: 0.4912
time used for this epoch: 370.7550551891327s
***********
Epoch   10, Train ACC: 0.77977, Train AUC: 0.83982, Train Loss: 0.51225
Epoch   10, Valid ACC: 0.8005, Valid AUC: 0.83457, Valid AUC Curr: 0.93143, Valid Loss: 0.49155
time used for this epoch: 368.20000410079956s
***********
Epoch   11, Train ACC: 0.78232, Train AUC: 0.84368, Train Loss: 0.50826
Epoch   11, Valid ACC: 0.80008, Valid AUC: 0.83408, Valid AUC Curr: 0.92996, Valid Loss: 0.49311
time used for this epoch: 368.23840403556824s
***********
Epoch   12, Train ACC: 0.78501, Train AUC: 0.84751, Train Loss: 0.50324
Epoch   12, Valid ACC: 0.79979, Valid AUC: 0.83367, Valid AUC Curr: 0.92836, Valid Loss: 0.49406
time used for this epoch: 369.85401368141174s
***********
Epoch   13, Train ACC: 0.78718, Train AUC: 0.85027, Train Loss: 0.50049
Epoch   13, Valid ACC: 0.79793, Valid AUC: 0.83321, Valid AUC Curr: 0.92761, Valid Loss: 0.49661
time used for this epoch: 366.6608428955078s
***********
Epoch   14, Train ACC: 0.78997, Train AUC: 0.85439, Train Loss: 0.4953
Epoch   14, Valid ACC: 0.79865, Valid AUC: 0.83244, Valid AUC Curr: 0.92625, Valid Loss: 0.4973
time used for this epoch: 367.0874614715576s
***********
Epoch   15, Train ACC: 0.79257, Train AUC: 0.85772, Train Loss: 0.4914
Epoch   15, Valid ACC: 0.79849, Valid AUC: 0.8318, Valid AUC Curr: 0.92241, Valid Loss: 0.49936
time used for this epoch: 369.77891421318054s
***********
Epoch   16, Train ACC: 0.79489, Train AUC: 0.86117, Train Loss: 0.48687
Epoch   16, Valid ACC: 0.79641, Valid AUC: 0.83086, Valid AUC Curr: 0.92202, Valid Loss: 0.5022
time used for this epoch: 366.2863450050354s
***********
Epoch   17, Train ACC: 0.79735, Train AUC: 0.86397, Train Loss: 0.48398
Epoch   17, Valid ACC: 0.79635, Valid AUC: 0.8304, Valid AUC Curr: 0.91817, Valid Loss: 0.50454
time used for this epoch: 368.97496247291565s
***********
No improvement shown in 10 epochs. Quit Training.
The best validation result occured at: 7-th epoch, with validation ACC: 0.80193 and AUC: 0.83326
The best testing result occured at: 7-th epoch, with testing ACC: 0.80049 and AUC: 0.83466
*********************************
average validation ACC for 1 runs: 0.8019288622423488
average validation AUC for 1 runs: 0.8332555102333279
average validation AUC Current for 1 runs: 0.9355324089301191

average waviness-l1 for 1 runs: 0.017404450293837487
average waviness-l2 for 1 runs: 0.03560639455270133
average consistency_m1 for 1 runs: 0.31654813917147684
average consistency_m1 for 1 runs: 0.04600584718425312

test ACC for 1 runs : [0.8004850234977063]
test AUC for 1 runs : [0.8346570155469949]

average test ACC for 1 runs: 0.8004850234977063
average test AUC for 1 runs: 0.8346570155469949
average test AUC Current for 1 runs: 0.9359199190044645

latex: 
cell_type & num. layer & layer_structure & learning rate & keep prob. & $\lambda_o$ & $\lambda_{w_1}$ & $\lambda_{w_2}$ & Avg. ACC(N) & Avg. AUC(N) & Avg. AUC(C) & Avg. $w_1$ & Avg. $w_2$ & Avg. $m_1$ & Avg. $m_2$\\ 
LSTM & 1 & 102 & 0.0042 & 0.8657 & 0.1000 & 0.0300 & 3.0000 & 0.8019288622423488 $\pm$ 0.0 & 0.8332555102333279 $\pm$ 0.0 & 0.9355324089301191 $\pm$ 0.0 & 0.017404450293837487 $\pm$ 0.0 & 0.03560639455270133 $\pm$ 0.0 & 0.31654813917147684 $\pm$ 0.0 & 0.04600584718425312 $\pm$ 0.0\\ 
Network Configuration:
batch_size: 32
hidden_layer_structure: [102]
learning_rate: 0.004155923499457689
keep_prob: 0.8656542586183774
rnn_cell: <class 'tensorflow.python.ops.rnn_cell_impl.LSTMCell'>
max_grad_norm: 5.0
lambda_w1: 0.03
lambda_w2: 3.0
lambda_o: 0.1
Num of problems: 1865
Num of run: 1
Max num of run: 25
Keep Prob: 0.8656542586183774
Network Configuration:
batch_size: 16
hidden_layer_structure: [102]
learning_rate: 0.004155923499457689
keep_prob: 0.8656542586183774
rnn_cell: <class 'tensorflow.python.ops.rnn_cell_impl.LSTMCell'>
max_grad_norm: 5.0
lambda_w1: 0.03
lambda_w2: 3.0
lambda_o: 0.1
Num of problems: 1865
Num of run: 1
Max num of run: 25
Keep Prob: 0.8656542586183774
Current time : 2023-06-22 01:43:50 KST
Epoch    1, Train ACC: 0.70321, Train AUC: 0.73172, Train Loss: 0.6425
Epoch    1, Valid ACC: 0.76253, Valid AUC: 0.78685, Valid AUC Curr: 0.9192, Valid Loss: 0.58766*
Epoch    1, Test ACC: 0.76225, Test AUC: 0.78867, Test AUC Curr: 0.92006, Test Loss: 0.58752
w_l1: 0.01051141508493796, w_l2: 0.022481846910993634
m1: 0.279687682707742, m2: 0.02950235809388517. Saving the model
time used for this epoch: 6190.766977310181s
***********
Current time : 2023-06-22 03:27:00 KST
Epoch    2, Train ACC: 0.75442, Train AUC: 0.79509, Train Loss: 0.56392
Epoch    2, Valid ACC: 0.79569, Valid AUC: 0.81769, Valid AUC Curr: 0.93611, Valid Loss: 0.50616*
Epoch    2, Test ACC: 0.79489, Test AUC: 0.81927, Test AUC Curr: 0.93656, Test Loss: 0.50631
w_l1: 0.013821686889510198, w_l2: 0.029075596700029512
m1: 0.3662313571663956, m2: 0.04706667397019231. Saving the model
time used for this epoch: 6549.7366461753845s
***********
Current time : 2023-06-22 05:16:10 KST
Epoch    3, Train ACC: 0.7604, Train AUC: 0.807, Train Loss: 0.54989
Epoch    3, Valid ACC: 0.79856, Valid AUC: 0.82483, Valid AUC Curr: 0.93906, Valid Loss: 0.49858*
Epoch    3, Test ACC: 0.79739, Test AUC: 0.82637, Test AUC Curr: 0.93956, Test Loss: 0.49865
w_l1: 0.014890725646278722, w_l2: 0.030963646843293082
m1: 0.3560767930605606, m2: 0.04777534451226014. Saving the model
time used for this epoch: 6568.331337451935s
***********
Current time : 2023-06-22 07:05:38 KST
Epoch    4, Train ACC: 0.76411, Train AUC: 0.81466, Train Loss: 0.54148
Epoch    4, Valid ACC: 0.79998, Valid AUC: 0.82755, Valid AUC Curr: 0.93482, Valid Loss: 0.49616*
Epoch    4, Test ACC: 0.79857, Test AUC: 0.82867, Test AUC Curr: 0.93534, Test Loss: 0.49658
w_l1: 0.01529014010454817, w_l2: 0.03169382051611381
m1: 0.3408010970437223, m2: 0.04612271929499793. Saving the model
time used for this epoch: 6595.917657375336s
***********
Current time : 2023-06-22 08:55:34 KST
Epoch    5, Train ACC: 0.76735, Train AUC: 0.82032, Train Loss: 0.53608
Epoch    5, Valid ACC: 0.801, Valid AUC: 0.83038, Valid AUC Curr: 0.9369, Valid Loss: 0.4925*
Epoch    5, Test ACC: 0.79948, Test AUC: 0.83137, Test AUC Curr: 0.93724, Test Loss: 0.49312
w_l1: 0.016003205729990956, w_l2: 0.03288292103010014
m1: 0.34395297169159467, m2: 0.04772323421682711. Saving the model
time used for this epoch: 6576.19389462471s
***********
Current time : 2023-06-22 10:45:11 KST
Epoch    6, Train ACC: 0.77029, Train AUC: 0.82521, Train Loss: 0.52995
Epoch    6, Valid ACC: 0.80103, Valid AUC: 0.83212, Valid AUC Curr: 0.93764, Valid Loss: 0.49191*
Epoch    6, Test ACC: 0.79972, Test AUC: 0.8335, Test AUC Curr: 0.93835, Test Loss: 0.49215
w_l1: 0.0173807322496652, w_l2: 0.03532250475118929
m1: 0.3247307884470241, m2: 0.04816126917516881. Saving the model
time used for this epoch: 6656.0076513290405s
***********
Current time : 2023-06-22 12:36:07 KST
Epoch    7, Train ACC: 0.77305, Train AUC: 0.83002, Train Loss: 0.52509
Epoch    7, Valid ACC: 0.80154, Valid AUC: 0.83256, Valid AUC Curr: 0.93743, Valid Loss: 0.49126*
Epoch    7, Test ACC: 0.80026, Test AUC: 0.83388, Test AUC Curr: 0.93794, Test Loss: 0.49128
w_l1: 0.017416015408226005, w_l2: 0.035559970002984234
m1: 0.3183605999723613, m2: 0.04812979976701756. Saving the model
time used for this epoch: 6727.867694854736s
***********
Current time : 2023-06-22 14:28:15 KST
Epoch    8, Train ACC: 0.77577, Train AUC: 0.83416, Train Loss: 0.52062
Epoch    8, Valid ACC: 0.80143, Valid AUC: 0.83364, Valid AUC Curr: 0.93551, Valid Loss: 0.49075
time used for this epoch: 5510.64773774147s
***********
Current time : 2023-06-22 16:00:05 KST
Epoch    9, Train ACC: 0.77868, Train AUC: 0.83832, Train Loss: 0.51566
Epoch    9, Valid ACC: 0.801, Valid AUC: 0.83381, Valid AUC Curr: 0.93294, Valid Loss: 0.49174
time used for this epoch: 5628.346542358398s
***********
Current time : 2023-06-22 17:33:54 KST
Epoch   10, Train ACC: 0.78153, Train AUC: 0.84251, Train Loss: 0.51026
Epoch   10, Valid ACC: 0.80042, Valid AUC: 0.8336, Valid AUC Curr: 0.93145, Valid Loss: 0.49321
time used for this epoch: 5576.293904781342s
***********
Current time : 2023-06-22 19:06:50 KST
Epoch   11, Train ACC: 0.78414, Train AUC: 0.84664, Train Loss: 0.50562
Epoch   11, Valid ACC: 0.79989, Valid AUC: 0.83328, Valid AUC Curr: 0.92983, Valid Loss: 0.49437
time used for this epoch: 5623.204852104187s
***********
Current time : 2023-06-22 20:40:33 KST
Epoch   12, Train ACC: 0.7871, Train AUC: 0.85047, Train Loss: 0.50063
Epoch   12, Valid ACC: 0.79952, Valid AUC: 0.83291, Valid AUC Curr: 0.92836, Valid Loss: 0.49544
time used for this epoch: 5640.688902854919s
***********
Current time : 2023-06-22 22:14:34 KST
Epoch   13, Train ACC: 0.78942, Train AUC: 0.85394, Train Loss: 0.49688
Epoch   13, Valid ACC: 0.79813, Valid AUC: 0.83215, Valid AUC Curr: 0.92662, Valid Loss: 0.49818
time used for this epoch: 5664.131317138672s
***********
Current time : 2023-06-22 23:48:58 KST
Epoch   14, Train ACC: 0.79209, Train AUC: 0.85762, Train Loss: 0.49209
Epoch   14, Valid ACC: 0.79792, Valid AUC: 0.83116, Valid AUC Curr: 0.92475, Valid Loss: 0.50045
time used for this epoch: 5642.830017328262s
***********
Current time : 2023-06-23 01:23:01 KST
Epoch   15, Train ACC: 0.79429, Train AUC: 0.86065, Train Loss: 0.48868
Epoch   15, Valid ACC: 0.79699, Valid AUC: 0.83037, Valid AUC Curr: 0.92341, Valid Loss: 0.5024
time used for this epoch: 5686.139293909073s
***********
Current time : 2023-06-23 02:57:47 KST
Epoch   16, Train ACC: 0.79717, Train AUC: 0.86368, Train Loss: 0.48434
Epoch   16, Valid ACC: 0.79644, Valid AUC: 0.83007, Valid AUC Curr: 0.92216, Valid Loss: 0.504
time used for this epoch: 5735.058651447296s
***********
Current time : 2023-06-23 04:33:22 KST
Epoch   17, Train ACC: 0.7989, Train AUC: 0.86646, Train Loss: 0.48158
Epoch   17, Valid ACC: 0.79522, Valid AUC: 0.8285, Valid AUC Curr: 0.91934, Valid Loss: 0.50795
time used for this epoch: 5708.8856246471405s
***********
No improvement shown in 10 epochs. Quit Training.
The best validation result occured at: 7-th epoch, with validation ACC: 0.80154 and AUC: 0.83256
The best testing result occured at: 7-th epoch, with testing ACC: 0.80026 and AUC: 0.83388
*********************************
average validation ACC for 1 runs: 0.8015381998703107
average validation AUC for 1 runs: 0.8325565863309434
average validation AUC Current for 1 runs: 0.937426371413574

average waviness-l1 for 1 runs: 0.017416015408226005
average waviness-l2 for 1 runs: 0.035559970002984234
average consistency_m1 for 1 runs: 0.3183605999723613
average consistency_m1 for 1 runs: 0.04812979976701756

test ACC for 1 runs : [0.8002589829225469]
test AUC for 1 runs : [0.8338837830232374]

average test ACC for 1 runs: 0.8002589829225469
average test AUC for 1 runs: 0.8338837830232374
average test AUC Current for 1 runs: 0.9379353607775276

latex: 
cell_type & num. layer & layer_structure & learning rate & keep prob. & $\lambda_o$ & $\lambda_{w_1}$ & $\lambda_{w_2}$ & Avg. ACC(N) & Avg. AUC(N) & Avg. AUC(C) & Avg. $w_1$ & Avg. $w_2$ & Avg. $m_1$ & Avg. $m_2$\\ 
LSTM & 1 & 102 & 0.0042 & 0.8657 & 0.1000 & 0.0300 & 3.0000 & 0.8015381998703107 $\pm$ 0.0 & 0.8325565863309434 $\pm$ 0.0 & 0.937426371413574 $\pm$ 0.0 & 0.017416015408226005 $\pm$ 0.0 & 0.035559970002984234 $\pm$ 0.0 & 0.3183605999723613 $\pm$ 0.0 & 0.04812979976701756 $\pm$ 0.0\\ 

